Performing C++ SOURCE FILE Test CMAKE_HAVE_LIBC_PTHREAD failed with the following output:
Change Dir: /home/liqirui/SEAL/native/examples/build/CMakeFiles/CMakeTmp

Run Build Command(s):/usr/bin/make cmTC_7972a/fast && /usr/bin/make  -f CMakeFiles/cmTC_7972a.dir/build.make CMakeFiles/cmTC_7972a.dir/build
make[1]: Entering directory '/home/liqirui/SEAL/native/examples/build/CMakeFiles/CMakeTmp'
Building CXX object CMakeFiles/cmTC_7972a.dir/src.cxx.o
/usr/bin/c++   -DCMAKE_HAVE_LIBC_PTHREAD -o CMakeFiles/cmTC_7972a.dir/src.cxx.o -c /home/liqirui/SEAL/native/examples/build/CMakeFiles/CMakeTmp/src.cxx
Linking CXX executable cmTC_7972a
/home/cmake-3.18.3-Linux-x86_64/bin/cmake -E cmake_link_script CMakeFiles/cmTC_7972a.dir/link.txt --verbose=1
/usr/bin/c++  -DCMAKE_HAVE_LIBC_PTHREAD CMakeFiles/cmTC_7972a.dir/src.cxx.o -o cmTC_7972a 
/usr/local/bin/ld: CMakeFiles/cmTC_7972a.dir/src.cxx.o: in function `main':
src.cxx:(.text+0x2d): undefined reference to `pthread_create'
/usr/local/bin/ld: src.cxx:(.text+0x39): undefined reference to `pthread_detach'
/usr/local/bin/ld: src.cxx:(.text+0x45): undefined reference to `pthread_cancel'
/usr/local/bin/ld: src.cxx:(.text+0x56): undefined reference to `pthread_join'
/usr/local/bin/ld: src.cxx:(.text+0x6a): undefined reference to `pthread_atfork'
collect2: error: ld returned 1 exit status
CMakeFiles/cmTC_7972a.dir/build.make:105: recipe for target 'cmTC_7972a' failed
make[1]: *** [cmTC_7972a] Error 1
make[1]: Leaving directory '/home/liqirui/SEAL/native/examples/build/CMakeFiles/CMakeTmp'
Makefile:140: recipe for target 'cmTC_7972a/fast' failed
make: *** [cmTC_7972a/fast] Error 2


Source file was:
#include <pthread.h>

void* test_func(void* data)
{
  return data;
}

int main(void)
{
  pthread_t thread;
  pthread_create(&thread, NULL, test_func, NULL);
  pthread_detach(thread);
  pthread_cancel(thread);
  pthread_join(thread, NULL);
  pthread_atfork(NULL, NULL, NULL);
  pthread_exit(NULL);

  return 0;
}

